<?xml version="1.0" encoding="UTF-8"?>
<testng-results ignored="2" total="4" passed="1" failed="1" skipped="0">
  <reporter-output>
    <line>
      <![CDATA[=====db connection successful====]]>
    </line>
    <line>
      <![CDATA[====browser launch successful===]]>
    </line>
    <line>
      <![CDATA[====login successful]]>
    </line>
    <line>
      <![CDATA[====logout successful]]>
    </line>
    <line>
      <![CDATA[====browser close successful===]]>
    </line>
    <line>
      <![CDATA[====browser launch successful===]]>
    </line>
    <line>
      <![CDATA[====login successful]]>
    </line>
    <line>
      <![CDATA[====logout successful]]>
    </line>
    <line>
      <![CDATA[====browser close successful===]]>
    </line>
    <line>
      <![CDATA[===close database===]]>
    </line>
  </reporter-output>
  <suite started-at="2022-03-16T17:33:38 IST" name="Suite" finished-at="2022-03-16T17:34:26 IST" duration-ms="47735">
    <groups>
      <group name="smokeSuite">
        <method signature="CreateOrgDropDownTest.createOrgDropDown()[pri:0, instance:com.crm.OrganizationTests.CreateOrgDropDownTest@4dbb42b7]" name="createOrgDropDown" class="com.crm.OrganizationTests.CreateOrgDropDownTest"/>
        <method signature="CreateOrgTest.createOrgTest()[pri:0, instance:com.crm.OrganizationTests.CreateOrgTest@316bcf94]" name="createOrgTest" class="com.crm.OrganizationTests.CreateOrgTest"/>
      </group> <!-- smokeSuite -->
    </groups>
    <test started-at="2022-03-16T17:33:38 IST" name="Test" finished-at="2022-03-16T17:34:26 IST" duration-ms="47735">
      <class name="com.crm.OrganizationTests.CreateOrgTest">
        <test-method is-config="true" signature="connectDataBase()[pri:0, instance:com.crm.OrganizationTests.CreateOrgTest@316bcf94]" started-at="2022-03-16T17:33:38 IST" name="connectDataBase" finished-at="2022-03-16T17:33:38 IST" duration-ms="11" status="PASS">
          <reporter-output>
            <line>
              <![CDATA[=====db connection successful====]]>
            </line>
          </reporter-output>
        </test-method> <!-- connectDataBase -->
        <test-method is-config="true" signature="launchTheBrowser()[pri:0, instance:com.crm.OrganizationTests.CreateOrgTest@316bcf94]" started-at="2022-03-16T17:33:39 IST" name="launchTheBrowser" finished-at="2022-03-16T17:33:44 IST" duration-ms="5085" status="PASS">
          <reporter-output>
            <line>
              <![CDATA[====browser launch successful===]]>
            </line>
          </reporter-output>
        </test-method> <!-- launchTheBrowser -->
        <test-method is-config="true" signature="login()[pri:0, instance:com.crm.OrganizationTests.CreateOrgTest@316bcf94]" started-at="2022-03-16T17:33:44 IST" name="login" finished-at="2022-03-16T17:33:49 IST" duration-ms="4868" status="PASS">
          <reporter-output>
            <line>
              <![CDATA[====login successful]]>
            </line>
          </reporter-output>
        </test-method> <!-- login -->
        <test-method signature="createOrgTest()[pri:0, instance:com.crm.OrganizationTests.CreateOrgTest@316bcf94]" started-at="2022-03-16T17:33:49 IST" name="createOrgTest" finished-at="2022-03-16T17:33:59 IST" duration-ms="10806" status="FAIL">
          <exception class="java.lang.AssertionError">
            <message>
              <![CDATA[null]]>
            </message>
            <full-stacktrace>
              <![CDATA[java.lang.AssertionError: null
at org.testng.Assert.fail(Assert.java:99)
at org.testng.Assert.fail(Assert.java:106)
at com.crm.OrganizationTests.CreateOrgTest.createOrgTest(CreateOrgTest.java:26)
at java.base/jdk.internal.reflect.NativeMethodAccessorImpl.invoke0(Native Method)
at java.base/jdk.internal.reflect.NativeMethodAccessorImpl.invoke(NativeMethodAccessorImpl.java:78)
at java.base/jdk.internal.reflect.DelegatingMethodAccessorImpl.invoke(DelegatingMethodAccessorImpl.java:43)
at java.base/java.lang.reflect.Method.invoke(Method.java:567)
at org.testng.internal.MethodInvocationHelper.invokeMethod(MethodInvocationHelper.java:133)
at org.testng.internal.TestInvoker.invokeMethod(TestInvoker.java:598)
at org.testng.internal.TestInvoker.invokeTestMethod(TestInvoker.java:173)
at org.testng.internal.MethodRunner.runInSequence(MethodRunner.java:46)
at org.testng.internal.TestInvoker$MethodInvocationAgent.invoke(TestInvoker.java:824)
at org.testng.internal.TestInvoker.invokeTestMethods(TestInvoker.java:146)
at org.testng.internal.TestMethodWorker.invokeTestMethods(TestMethodWorker.java:146)
at org.testng.internal.TestMethodWorker.run(TestMethodWorker.java:128)
at java.base/java.util.ArrayList.forEach(ArrayList.java:1511)
at org.testng.TestRunner.privateRun(TestRunner.java:794)
at org.testng.TestRunner.run(TestRunner.java:596)
at org.testng.SuiteRunner.runTest(SuiteRunner.java:377)
at org.testng.SuiteRunner.runSequentially(SuiteRunner.java:371)
at org.testng.SuiteRunner.privateRun(SuiteRunner.java:332)
at org.testng.SuiteRunner.run(SuiteRunner.java:276)
at org.testng.SuiteRunnerWorker.runSuite(SuiteRunnerWorker.java:53)
at org.testng.SuiteRunnerWorker.run(SuiteRunnerWorker.java:96)
at org.testng.TestNG.runSuitesSequentially(TestNG.java:1212)
at org.testng.TestNG.runSuitesLocally(TestNG.java:1134)
at org.testng.TestNG.runSuites(TestNG.java:1063)
at org.testng.TestNG.run(TestNG.java:1031)
at org.testng.remote.AbstractRemoteTestNG.run(AbstractRemoteTestNG.java:115)
at org.testng.remote.RemoteTestNG.initAndRun(RemoteTestNG.java:251)
at org.testng.remote.RemoteTestNG.main(RemoteTestNG.java:77)
]]>
            </full-stacktrace>
          </exception> <!-- java.lang.AssertionError -->
          <reporter-output>
          </reporter-output>
        </test-method> <!-- createOrgTest -->
        <test-method is-config="true" signature="logout()[pri:0, instance:com.crm.OrganizationTests.CreateOrgTest@316bcf94]" started-at="2022-03-16T17:34:00 IST" name="logout" finished-at="2022-03-16T17:34:01 IST" duration-ms="1358" status="PASS">
          <reporter-output>
            <line>
              <![CDATA[====logout successful]]>
            </line>
          </reporter-output>
        </test-method> <!-- logout -->
        <test-method is-config="true" signature="closeBrowser()[pri:0, instance:com.crm.OrganizationTests.CreateOrgTest@316bcf94]" started-at="2022-03-16T17:34:01 IST" name="closeBrowser" finished-at="2022-03-16T17:34:02 IST" duration-ms="877" status="PASS">
          <reporter-output>
            <line>
              <![CDATA[====browser close successful===]]>
            </line>
          </reporter-output>
        </test-method> <!-- closeBrowser -->
        <test-method is-config="true" signature="closeDb()[pri:0, instance:com.crm.OrganizationTests.CreateOrgTest@316bcf94]" started-at="2022-03-16T17:34:27 IST" name="closeDb" finished-at="2022-03-16T17:34:27 IST" duration-ms="1" status="PASS">
          <reporter-output>
            <line>
              <![CDATA[===close database===]]>
            </line>
          </reporter-output>
        </test-method> <!-- closeDb -->
      </class> <!-- com.crm.OrganizationTests.CreateOrgTest -->
      <class name="com.crm.OrganizationTests.CreateOrgDropDownTest">
        <test-method is-config="true" signature="launchTheBrowser()[pri:0, instance:com.crm.OrganizationTests.CreateOrgDropDownTest@4dbb42b7]" started-at="2022-03-16T17:34:02 IST" name="launchTheBrowser" finished-at="2022-03-16T17:34:07 IST" duration-ms="5028" status="PASS">
          <reporter-output>
            <line>
              <![CDATA[====browser launch successful===]]>
            </line>
          </reporter-output>
        </test-method> <!-- launchTheBrowser -->
        <test-method is-config="true" signature="login()[pri:0, instance:com.crm.OrganizationTests.CreateOrgDropDownTest@4dbb42b7]" started-at="2022-03-16T17:34:07 IST" name="login" finished-at="2022-03-16T17:34:12 IST" duration-ms="4886" status="PASS">
          <reporter-output>
            <line>
              <![CDATA[====login successful]]>
            </line>
          </reporter-output>
        </test-method> <!-- login -->
        <test-method signature="createOrgDropDown()[pri:0, instance:com.crm.OrganizationTests.CreateOrgDropDownTest@4dbb42b7]" started-at="2022-03-16T17:34:12 IST" name="createOrgDropDown" finished-at="2022-03-16T17:34:23 IST" duration-ms="11549" status="PASS">
          <reporter-output>
          </reporter-output>
        </test-method> <!-- createOrgDropDown -->
        <test-method is-config="true" signature="logout()[pri:0, instance:com.crm.OrganizationTests.CreateOrgDropDownTest@4dbb42b7]" started-at="2022-03-16T17:34:23 IST" name="logout" finished-at="2022-03-16T17:34:26 IST" duration-ms="2301" status="PASS">
          <reporter-output>
            <line>
              <![CDATA[====logout successful]]>
            </line>
          </reporter-output>
        </test-method> <!-- logout -->
        <test-method is-config="true" signature="closeBrowser()[pri:0, instance:com.crm.OrganizationTests.CreateOrgDropDownTest@4dbb42b7]" started-at="2022-03-16T17:34:26 IST" name="closeBrowser" finished-at="2022-03-16T17:34:26 IST" duration-ms="315" status="PASS">
          <reporter-output>
            <line>
              <![CDATA[====browser close successful===]]>
            </line>
          </reporter-output>
        </test-method> <!-- closeBrowser -->
      </class> <!-- com.crm.OrganizationTests.CreateOrgDropDownTest -->
    </test> <!-- Test -->
  </suite> <!-- Suite -->
</testng-results>
